<?xml version="1.0" encoding="UTF-8"?>
<!-- Generated by org.testng.reporters.JUnitReportReporter -->
<testsuite hostname="DESKTOP-BKE9C99" failures="0" tests="1" name="reqres.ToGetSingleResource" time="1.428" errors="0" timestamp="2024-01-24T12:17:24 IST" skipped="0">
  <testcase classname="reqres.ToGetSingleResource" name="singleResource" time="1.428"/>
  <system-out/>
</testsuite> <!-- reqres.ToGetSingleResource -->
