<?xml version="1.0" encoding="UTF-8"?>
<!-- Generated by org.testng.reporters.JUnitReportReporter -->
<testsuite hostname="DESKTOP-BKE9C99" failures="0" tests="1" name="reqres.TopostUser" time="1.919" errors="0" timestamp="2024-01-24T11:44:29 IST" skipped="0">
  <testcase classname="reqres.TopostUser" name="postUser" time="1.919"/>
  <system-out/>
</testsuite> <!-- reqres.TopostUser -->
