<?xml version="1.0" encoding="UTF-8"?>
<!-- Generated by org.testng.reporters.JUnitReportReporter -->
<testsuite hostname="DESKTOP-BKE9C99" failures="0" tests="1" name="validating.Tojson" time="1.790" errors="0" timestamp="2024-01-30T16:09:53 IST" skipped="0">
  <testcase classname="validating.Tojson" name="getUsers" time="1.790"/>
  <system-out/>
</testsuite> <!-- validating.Tojson -->
