<?xml version="1.0" encoding="UTF-8"?>
<!-- Generated by org.testng.reporters.JUnitReportReporter -->
<testsuite hostname="DESKTOP-BKE9C99" failures="0" tests="1" name="reqres.TologinUSersuccesfull" time="1.809" errors="0" timestamp="2024-01-24T12:54:51 IST" skipped="0">
  <testcase classname="reqres.TologinUSersuccesfull" name="usersucessfull" time="1.809"/>
  <system-out/>
</testsuite> <!-- reqres.TologinUSersuccesfull -->
