<?xml version="1.0" encoding="UTF-8"?>
<!-- Generated by org.testng.reporters.JUnitReportReporter -->
<testsuite hostname="DESKTOP-BKE9C99" failures="0" tests="1" name="reqres.ToCaptureGetuser" time="1.374" errors="0" timestamp="2024-01-24T11:37:17 IST" skipped="0">
  <testcase classname="reqres.ToCaptureGetuser" name="getUsers" time="1.374"/>
  <system-out/>
</testsuite> <!-- reqres.ToCaptureGetuser -->
