<?xml version="1.0" encoding="UTF-8"?>
<!-- Generated by org.testng.reporters.JUnitReportReporter -->
<testsuite hostname="DESKTOP-BKE9C99" failures="0" tests="1" name="validating.Togetusers" time="1.510" errors="0" timestamp="2024-01-30T16:47:20 IST" skipped="0">
  <testcase classname="validating.Togetusers" name="getusers" time="1.510"/>
  <system-out/>
</testsuite> <!-- validating.Togetusers -->
