<?xml version="1.0" encoding="UTF-8"?>
<!-- Generated by org.testng.reporters.JUnitReportReporter -->
<testsuite hostname="DESKTOP-BKE9C99" failures="0" tests="1" name="reqres.TologinUSerUnsuccesful" time="1.951" errors="0" timestamp="2024-01-24T12:59:42 IST" skipped="0">
  <testcase classname="reqres.TologinUSerUnsuccesful" name="userunsuccesfull" time="1.951"/>
  <system-out/>
</testsuite> <!-- reqres.TologinUSerUnsuccesful -->
