<?xml version="1.0" encoding="UTF-8"?>
<!-- Generated by org.testng.reporters.JUnitReportReporter -->
<testsuite hostname="DESKTOP-BKE9C99" failures="0" tests="1" name="reqres.ToupdateByUsingJSONobject$ToupdateUser" time="1.843" errors="0" timestamp="2024-01-24T16:57:24 IST" skipped="0">
  <testcase classname="reqres.ToupdateByUsingJSONobject$ToupdateUser" name="updateUser" time="1.843"/>
  <system-out/>
</testsuite> <!-- reqres.ToupdateByUsingJSONobject$ToupdateUser -->
