<?xml version="1.0" encoding="UTF-8"?>
<!-- Generated by org.testng.reporters.JUnitReportReporter -->
<testsuite hostname="DESKTOP-BKE9C99" failures="0" tests="1" name="reqres.ToupdateUser" time="1.724" errors="0" timestamp="2024-01-24T16:23:39 IST" skipped="0">
  <testcase classname="reqres.ToupdateUser" name="updateUser" time="1.724"/>
  <system-out/>
</testsuite> <!-- reqres.ToupdateUser -->
