<?xml version="1.0" encoding="UTF-8"?>
<!-- Generated by org.testng.reporters.JUnitReportReporter -->
<testsuite hostname="DESKTOP-BKE9C99" failures="0" tests="1" name="reqres.ToupdateUSers" time="3.676" errors="0" timestamp="2024-01-24T12:35:04 IST" skipped="0">
  <testcase classname="reqres.ToupdateUSers" name="updateusers" time="3.676"/>
  <system-out/>
</testsuite> <!-- reqres.ToupdateUSers -->
