<?xml version="1.0" encoding="UTF-8"?>
<!-- Generated by org.testng.reporters.JUnitReportReporter -->
<testsuite hostname="DESKTOP-BKE9C99" failures="0" tests="1" name="reqres.TodelayedResponse" time="4.624" errors="0" timestamp="2024-01-24T13:03:57 IST" skipped="0">
  <testcase classname="reqres.TodelayedResponse" name="delayResponse" time="4.624"/>
  <system-out/>
</testsuite> <!-- reqres.TodelayedResponse -->
