<?xml version="1.0" encoding="UTF-8"?>
<!-- Generated by org.testng.reporters.JUnitReportReporter -->
<testsuite hostname="DESKTOP-BKE9C99" failures="0" tests="1" name="validating.SingleResource" time="1.342" errors="0" timestamp="2024-02-02T17:18:54 IST" skipped="0">
  <testcase classname="validating.SingleResource" name="single" time="1.342"/>
  <system-out/>
</testsuite> <!-- validating.SingleResource -->
