<?xml version="1.0" encoding="UTF-8"?>
<!-- Generated by org.testng.reporters.JUnitReportReporter -->
<testsuite hostname="DESKTOP-BKE9C99" failures="0" tests="1" name="validating.TopostuserReqres" time="3.676" errors="0" timestamp="2024-01-25T18:45:57 IST" skipped="0">
  <testcase classname="validating.TopostuserReqres" name="user" time="3.676"/>
  <system-out/>
</testsuite> <!-- validating.TopostuserReqres -->
