<?xml version="1.0" encoding="UTF-8"?>
<!-- Generated by org.testng.reporters.JUnitReportReporter -->
<testsuite hostname="DESKTOP-BKE9C99" failures="0" tests="1" name="settingParameter.TogetSingleUser" time="1.410" errors="0" timestamp="2024-01-25T11:52:45 IST" skipped="0">
  <testcase classname="settingParameter.TogetSingleUser" name="getsingle_user" time="1.410"/>
  <system-out/>
</testsuite> <!-- settingParameter.TogetSingleUser -->
