<?xml version="1.0" encoding="UTF-8"?>
<!-- Generated by org.testng.reporters.JUnitReportReporter -->
<testsuite hostname="DESKTOP-BKE9C99" failures="0" tests="1" name="settingParameter.ToSingleUSerNotFound" time="1.675" errors="0" timestamp="2024-01-25T11:46:40 IST" skipped="0">
  <testcase classname="settingParameter.ToSingleUSerNotFound" name="tosingleuser" time="1.675"/>
  <system-out/>
</testsuite> <!-- settingParameter.ToSingleUSerNotFound -->
