<?xml version="1.0" encoding="UTF-8"?>
<!-- Generated by org.testng.reporters.JUnitReportReporter -->
<testsuite hostname="DESKTOP-BKE9C99" failures="0" tests="1" name="validating.TodelayUSer" time="2.178" errors="0" timestamp="2024-01-31T13:48:37 IST" skipped="0">
  <testcase classname="validating.TodelayUSer" name="delay" time="2.178"/>
  <system-out/>
</testsuite> <!-- validating.TodelayUSer -->
