<?xml version="1.0" encoding="UTF-8"?>
<!-- Generated by org.testng.reporters.JUnitReportReporter -->
<testsuite hostname="DESKTOP-BKE9C99" failures="0" tests="1" name="passingData.ToUpdateByusingPOJO" time="2.684" errors="0" timestamp="2024-01-24T17:05:17 IST" skipped="0">
  <testcase classname="passingData.ToUpdateByusingPOJO" name="updateUser" time="2.684"/>
  <system-out/>
</testsuite> <!-- passingData.ToUpdateByusingPOJO -->
