<?xml version="1.0" encoding="UTF-8"?>
<!-- Generated by org.testng.reporters.JUnitReportReporter -->
<testsuite hostname="DESKTOP-BKE9C99" failures="0" tests="1" name="passingData.ToUpdatebyusingHAshMap" time="1.997" errors="0" timestamp="2024-01-25T12:34:16 IST" skipped="0">
  <testcase classname="passingData.ToUpdatebyusingHAshMap" name="updateUser" time="1.997"/>
  <system-out/>
</testsuite> <!-- passingData.ToUpdatebyusingHAshMap -->
