<?xml version="1.0" encoding="UTF-8"?>
<!-- Generated by org.testng.reporters.JUnitReportReporter -->
<testsuite hostname="DESKTOP-BKE9C99" failures="0" tests="2" name="validating.RequestChaining" time="2.967" errors="0" timestamp="2024-01-31T12:28:12 IST" skipped="0">
  <testcase classname="validating.RequestChaining" name="togetid" time="2.488"/>
  <system-out/>
  <testcase classname="validating.RequestChaining" name="capture" time="0.479"/>
  <system-out/>
</testsuite> <!-- validating.RequestChaining -->
