<?xml version="1.0" encoding="UTF-8"?>
<!-- Generated by org.testng.reporters.JUnitReportReporter -->
<testsuite hostname="DESKTOP-BKE9C99" failures="0" tests="1" name="settingParameter.TocreateUser" time="2.002" errors="0" timestamp="2024-01-30T11:21:27 IST" skipped="0">
  <testcase classname="settingParameter.TocreateUser" name="createUser" time="2.002"/>
  <system-out/>
</testsuite> <!-- settingParameter.TocreateUser -->
