<?xml version="1.0" encoding="UTF-8"?>
<!-- Generated by org.testng.reporters.JUnitReportReporter -->
<testsuite hostname="DESKTOP-BKE9C99" failures="0" tests="1" name="reqres.ToGetListResource" time="1.426" errors="0" timestamp="2024-01-24T12:13:23 IST" skipped="0">
  <testcase classname="reqres.ToGetListResource" name="getlistResource" time="1.426"/>
  <system-out/>
</testsuite> <!-- reqres.ToGetListResource -->
