<?xml version="1.0" encoding="UTF-8"?>
<!-- Generated by org.testng.reporters.JUnitReportReporter -->
<testsuite hostname="DESKTOP-BKE9C99" failures="0" tests="1" name="reqres.ToGetSingleResourceNotFound" time="1.385" errors="0" timestamp="2024-01-24T12:21:04 IST" skipped="0">
  <testcase classname="reqres.ToGetSingleResourceNotFound" name="resourceNotFound" time="1.385"/>
  <system-out/>
</testsuite> <!-- reqres.ToGetSingleResourceNotFound -->
