<?xml version="1.0" encoding="UTF-8"?>
<!-- Generated by org.testng.reporters.JUnitReportReporter -->
<testsuite hostname="DESKTOP-BKE9C99" failures="0" tests="1" name="validating.GetSingleuser" time="1.516" errors="0" timestamp="2024-01-31T14:05:17 IST" skipped="0">
  <testcase classname="validating.GetSingleuser" name="user" time="1.516"/>
  <system-out/>
</testsuite> <!-- validating.GetSingleuser -->
