<?xml version="1.0" encoding="UTF-8"?>
<!-- Generated by org.testng.reporters.JUnitReportReporter -->
<testsuite hostname="DESKTOP-BKE9C99" failures="0" tests="1" name="settingParameter.TolistResource" time="1.558" errors="0" timestamp="2024-01-25T12:08:21 IST" skipped="0">
  <testcase classname="settingParameter.TolistResource" name="listResource" time="1.558"/>
  <system-out/>
</testsuite> <!-- settingParameter.TolistResource -->
