<?xml version="1.0" encoding="UTF-8"?>
<!-- Generated by org.testng.reporters.JUnitReportReporter -->
<testsuite hostname="DESKTOP-BKE9C99" failures="0" tests="1" name="reqres.TodeleteUSer" time="1.815" errors="0" timestamp="2024-01-24T12:38:36 IST" skipped="0">
  <testcase classname="reqres.TodeleteUSer" name="deleteUser" time="1.815"/>
  <system-out/>
</testsuite> <!-- reqres.TodeleteUSer -->
