<?xml version="1.0" encoding="UTF-8"?>
<!-- Generated by org.testng.reporters.JUnitReportReporter -->
<testsuite hostname="DESKTOP-BKE9C99" failures="0" tests="2" name="validating.TopetStore" time="5.187" errors="0" timestamp="2024-01-31T13:11:12 IST" skipped="0">
  <testcase classname="validating.TopetStore" name="pet" time="2.939"/>
  <system-out/>
  <testcase classname="validating.TopetStore" name="capture" time="2.248"/>
  <system-out/>
</testsuite> <!-- validating.TopetStore -->
