<?xml version="1.0" encoding="UTF-8"?>
<!-- Generated by org.testng.reporters.JUnitReportReporter -->
<testsuite hostname="DESKTOP-BKE9C99" failures="0" tests="1" name="reqres.ToGetSingleUSerNotFound" time="1.693" errors="0" timestamp="2024-01-24T12:08:58 IST" skipped="0">
  <testcase classname="reqres.ToGetSingleUSerNotFound" name="notfound" time="1.693"/>
  <system-out/>
</testsuite> <!-- reqres.ToGetSingleUSerNotFound -->
