<?xml version="1.0" encoding="UTF-8"?>
<!-- Generated by org.testng.reporters.JUnitReportReporter -->
<testsuite hostname="DESKTOP-BKE9C99" failures="0" tests="1" name="passingData.ToUpdatebyusingExternalJSON" time="1.653" errors="0" timestamp="2024-01-24T16:53:27 IST" skipped="0">
  <testcase classname="passingData.ToUpdatebyusingExternalJSON" name="updateUser" time="1.653"/>
  <system-out/>
</testsuite> <!-- passingData.ToUpdatebyusingExternalJSON -->
