<?xml version="1.0" encoding="UTF-8"?>
<!-- Generated by org.testng.reporters.JUnitReportReporter -->
<testsuite hostname="DESKTOP-BKE9C99" failures="0" tests="1" name="settingParameter.ToLIstUsers" time="1.337" errors="0" timestamp="2024-01-25T11:53:19 IST" skipped="0">
  <testcase classname="settingParameter.ToLIstUsers" name="listUsers" time="1.337"/>
  <system-out/>
</testsuite> <!-- settingParameter.ToLIstUsers -->
