<?xml version="1.0" encoding="UTF-8"?>
<!-- Generated by org.testng.reporters.JUnitReportReporter -->
<testsuite hostname="DESKTOP-BKE9C99" failures="0" tests="1" name="reqres.ToregisterUSer" time="1.690" errors="0" timestamp="2024-01-24T12:45:30 IST" skipped="0">
  <testcase classname="reqres.ToregisterUSer" name="registeruser" time="1.690"/>
  <system-out/>
</testsuite> <!-- reqres.ToregisterUSer -->
